--------------------------------------------------------
2020年08月28日 20:31:24

> danmaku@2.3.3 start D:\myapp
> electron .


--------------------------------------------------------
2020年08月28日 20:45:13

> danmaku@2.3.3 start D:\myapp
> electron .


--------------------------------------------------------
2020年08月29日 15:20:43

> danmaku@2.3.3 start D:\myapp
> electron .


--------------------------------------------------------
2020年08月29日 15:26:21

> danmaku@2.3.3 start D:\myapp
> electron .


--------------------------------------------------------
2020年08月29日 16:51:23

> danmaku@2.3.3 start D:\myapp
> electron .


--------------------------------------------------------
2020年08月29日 23:32:41

> danmaku@2.3.3 start D:\myapp
> electron .


--------------------------------------------------------
2020年08月30日 10:30:17

> danmaku@2.3.3 start D:\myapp
> electron .


--------------------------------------------------------
2020年08月30日 11:20:01

> danmaku@2.3.3 start D:\myapp
> electron .


--------------------------------------------------------
2020年08月31日 15:39:25

> danmaku@2.3.3 start D:\myapp
> electron .


--------------------------------------------------------
2020年09月 1日 21:44:28

> danmaku@2.3.3 start D:\myapp
> electron .


--------------------------------------------------------
2020年09月 2日  8:52:44

> danmaku@2.3.3 start D:\myapp
> electron .


--------------------------------------------------------
2020年09月 2日  8:57:12

> danmaku@2.3.3 start D:\myapp
> electron .


--------------------------------------------------------
2020年09月 2日 13:11:13

> danmaku@2.3.3 start D:\myapp
> electron .


--------------------------------------------------------
2020年09月 2日 13:12:31

> danmaku@2.3.3 start D:\myapp
> electron .


--------------------------------------------------------
2020年09月 2日 16:59:29

> danmaku@2.3.3 start D:\myapp
> electron .


--------------------------------------------------------
2020年09月 2日 21:39:24

> danmaku@2.3.3 start D:\myapp
> electron .


--------------------------------------------------------
2020年09月 2日 21:42:28

> danmaku@2.3.3 start D:\myapp
> electron .


--------------------------------------------------------
2020年09月 2日 21:42:41

> danmaku@2.3.3 start D:\myapp
> electron .


--------------------------------------------------------
2020年09月 2日 21:44:39

> danmaku@2.3.3 start D:\myapp
> electron .


App threw an error during load
D:\myapp\main.js:93
        height: 600,
        ^^^^^^

SyntaxError: Unexpected identifier
    at Module._compile (internal/modules/cjs/loader.js:895:18)
    at Object.Module._extensions..js (internal/modules/cjs/loader.js:1004:10)
    at Module.load (internal/modules/cjs/loader.js:815:32)
    at Module._load (internal/modules/cjs/loader.js:727:14)
    at Function.Module._load (electron/js2c/asar.js:769:28)
    at loadApplicationPackage (D:\Nodejs\node_global\node_modules\electron\dist\resources\default_app.asar\main.js:109:16)
    at Object.<anonymous> (D:\Nodejs\node_global\node_modules\electron\dist\resources\default_app.asar\main.js:155:9)
    at Module._compile (internal/modules/cjs/loader.js:967:30)
    at Object.Module._extensions..js (internal/modules/cjs/loader.js:1004:10)
    at Module.load (internal/modules/cjs/loader.js:815:32)
--------------------------------------------------------
2020年09月 2日 21:44:58

> danmaku@2.3.3 start D:\myapp
> electron .


--------------------------------------------------------
2020年09月 2日 21:46:09

> danmaku@2.3.3 start D:\myapp
> electron .


--------------------------------------------------------
2020年09月 2日 21:47:30

> danmaku@2.3.3 start D:\myapp
> electron .


--------------------------------------------------------
2020年09月 2日 21:48:29

> danmaku@2.3.3 start D:\myapp
> electron .


--------------------------------------------------------
2020年09月 2日 21:49:00

> danmaku@2.3.3 start D:\myapp
> electron .


--------------------------------------------------------
2020年09月 2日 21:50:01

> danmaku@2.3.3 start D:\myapp
> electron .


--------------------------------------------------------
2020年09月 2日 21:56:50

> danmaku@2.3.3 start D:\myapp
> electron .


--------------------------------------------------------
2020年09月 3日 12:30:08
--------------------------------------------------------
2020年09月 3日 12:31:13

> danmaku@2.3.3 start D:\myapp
> electron .


--------------------------------------------------------
2020年09月 4日 21:40:58

> danmaku@2.3.3 start D:\myapp
> electron .


--------------------------------------------------------
2020年09月 4日 23:05:17

> danmaku@2.3.3 start D:\myapp
> electron .


--------------------------------------------------------
2020年09月 5日 12:21:07

> danmaku@2.3.3 start D:\myapp
> electron .


--------------------------------------------------------
2020年09月 5日 19:26:50

> danmaku@2.3.3 start D:\myapp
> electron .


--------------------------------------------------------
2020年09月 5日 19:28:31

> danmaku@2.3.3 start D:\myapp
> electron .


--------------------------------------------------------
2020年09月 5日 19:31:51

> danmaku@2.3.3 start D:\myapp
> electron .


--------------------------------------------------------
2020年09月 5日 19:32:41

> danmaku@2.3.3 start D:\myapp
> electron .


--------------------------------------------------------
2020年09月 5日 19:47:38

> danmaku@2.3.3 start D:\myapp
> electron .


--------------------------------------------------------
2020年09月 6日 13:00:57

> danmaku@2.3.3 start D:\myapp
> electron .


--------------------------------------------------------
2020年09月 6日 13:03:12

> danmaku@2.3.3 start D:\myapp
> electron .


--------------------------------------------------------
2020年09月 6日 13:04:29

> danmaku@2.3.3 start D:\myapp
> electron .


--------------------------------------------------------
2020年09月 6日 13:05:10

> danmaku@2.3.3 start D:\myapp
> electron .


--------------------------------------------------------
2020年09月 6日 13:08:05

> Comment@2.3.3 start D:\myapp
> electron .


--------------------------------------------------------
2020年09月 6日 13:18:32

> Comment@2.3.3 start D:\myapp
> electron .


--------------------------------------------------------
2020年09月 6日 16:11:38

> Comment@2.3.3 start D:\myapp
> electron .


--------------------------------------------------------
2020年09月 7日 19:25:52

> Comment@2.3.3 start D:\myapp
> electron .


--------------------------------------------------------
2020年09月 7日 21:22:18

> Comment@2.3.3 start D:\myapp
> electron .


--------------------------------------------------------
2020年09月 7日 21:26:05

> Comment@2.3.3 start D:\myapp
> electron .


--------------------------------------------------------
2020年09月 7日 21:27:21

> Comment@2.3.3 start D:\myapp
> electron .


--------------------------------------------------------
2020年09月 7日 21:32:01

> Comment@2.3.3 start D:\myapp
> electron .


--------------------------------------------------------
2020年09月 7日 21:39:38

> Comment@2.3.3 start D:\myapp
> electron .


--------------------------------------------------------
2020年09月 7日 21:52:51

> Comment@2.3.3 start D:\myapp
> electron .


--------------------------------------------------------
2020年09月 8日 13:02:15

> Comment@2.3.3 start D:\myapp
> electron .


--------------------------------------------------------
2020年09月 8日 16:43:05

> Comment@2.3.3 start D:\myapp
> electron .



> Comment@2.3.3 start D:\myapp
> electron . "$"


^C--------------------------------------------------------
2020年09月 9日 18:38:02

> Comment@2.3.3 start D:\myapp
> electron .



> Comment@2.3.3 start D:\myapp
> electron .



> Comment@2.3.3 start D:\myapp
> electron .


--------------------------------------------------------
2020年09月11日 11:23:18
--------------------------------------------------------
2020年09月11日 11:23:47

> Comment@2.3.3 start D:\myapp
> electron .


--------------------------------------------------------
2020年09月11日 11:32:14

> Comment@2.3.3 start D:\myapp
> electron .


--------------------------------------------------------
2020年09月11日 22:02:12

> Comment@2.3.3 start D:\myapp
> electron .


--------------------------------------------------------
2020年09月12日 12:22:29

> Comment@2.3.3 start D:\myapp
> electron .


--------------------------------------------------------
2020年09月12日 22:27:35

> Comment@2.3.3 start D:\myapp
> electron .


--------------------------------------------------------
2020年09月14日 11:07:02

> Comment@2.3.3 start D:\myapp
> electron .


--------------------------------------------------------
2020年09月14日 11:22:44

> Comment@2.3.3 start D:\myapp
> electron .


--------------------------------------------------------
2020年09月16日 21:29:59

> Comment@2.3.3 start D:\myapp
> electron .


--------------------------------------------------------
2020年09月16日 22:23:32

> Comment@2.3.3 start D:\myapp
> electron .


--------------------------------------------------------
2020年09月17日 12:31:51

> Comment@2.3.3 start D:\myapp
> electron .


--------------------------------------------------------
2020年09月19日 20:18:29

> Comment@2.3.3 start D:\myapp
> electron .


--------------------------------------------------------
2020年09月20日 12:39:54
--------------------------------------------------------
2020年09月20日 12:40:04

> Comment@2.3.3 start D:\myapp
> electron .


--------------------------------------------------------
2020年09月20日 12:44:45

> Comment@2.3.3 start D:\myapp
> electron .


--------------------------------------------------------
2020年09月20日 12:49:15

> Comment@2.3.3 start D:\myapp
> electron .


App threw an error during load
D:\myapp\main.js:94
        width: 352,
        ^^^^^

SyntaxError: Unexpected identifier
    at Module._compile (internal/modules/cjs/loader.js:895:18)
    at Object.Module._extensions..js (internal/modules/cjs/loader.js:1004:10)
    at Module.load (internal/modules/cjs/loader.js:815:32)
    at Module._load (internal/modules/cjs/loader.js:727:14)
    at Function.Module._load (electron/js2c/asar.js:769:28)
    at loadApplicationPackage (D:\Nodejs\node_global\node_modules\electron\dist\resources\default_app.asar\main.js:109:16)
    at Object.<anonymous> (D:\Nodejs\node_global\node_modules\electron\dist\resources\default_app.asar\main.js:155:9)
    at Module._compile (internal/modules/cjs/loader.js:967:30)
    at Object.Module._extensions..js (internal/modules/cjs/loader.js:1004:10)
    at Module.load (internal/modules/cjs/loader.js:815:32)
--------------------------------------------------------
2020年09月20日 12:49:38

> Comment@2.3.3 start D:\myapp
> electron .


--------------------------------------------------------
2020年09月20日 12:50:32

> Comment@2.3.3 start D:\myapp
> electron .


--------------------------------------------------------
2020年09月20日 12:51:22

> Comment@2.3.3 start D:\myapp
> electron .


--------------------------------------------------------
2020年09月20日 12:52:01

> Comment@2.3.3 start D:\myapp
> electron .


--------------------------------------------------------
2020年09月20日 12:52:31

> Comment@2.3.3 start D:\myapp
> electron .


--------------------------------------------------------
2020年09月20日 12:54:40

> Comment@2.3.3 start D:\myapp
> electron .


--------------------------------------------------------
2020年09月20日 12:55:24

> Comment@2.3.3 start D:\myapp
> electron .


--------------------------------------------------------
2020年09月20日 12:56:08

> Comment@2.3.3 start D:\myapp
> electron .


--------------------------------------------------------
2020年09月20日 20:52:04

> Comment@2.3.3 start D:\myapp
> electron .


--------------------------------------------------------
2020年09月21日 10:21:39

> Comment@2.3.3 start D:\myapp
> electron .


--------------------------------------------------------
2020年09月21日 21:46:15

> Comment@2.3.3 start D:\myapp
> electron .


--------------------------------------------------------
2020年09月22日 22:46:03

> Comment@2.3.3 start D:\myapp
> electron .


--------------------------------------------------------
2020年09月24日 16:29:15

> Comment@2.3.3 start D:\myapp
> electron .


--------------------------------------------------------
2020年09月25日 20:56:27

> Comment@2.3.3 start C:\Users\zhang\Desktop\comment
> electron .


--------------------------------------------------------
2020年09月25日 21:14:51
--------------------------------------------------------
2020年09月25日 21:15:13

> Comment@2.3.3 start C:\Users\zhang\Desktop\comment
> electron .


--------------------------------------------------------
2020年09月25日 21:15:37

> Comment@2.3.3 start C:\Users\zhang\Desktop\comment
> electron .


--------------------------------------------------------
2020年09月25日 21:18:35

> Comment@2.3.3 start C:\Users\zhang\Desktop\comment
> electron .


--------------------------------------------------------
2020年09月25日 21:19:26

> Comment@2.3.3 start C:\Users\zhang\Desktop\comment
> electron .


--------------------------------------------------------
2020年09月25日 21:24:08

> Comment@2.3.3 start C:\Users\zhang\Desktop\comment
> electron .


--------------------------------------------------------
2020年11月 6日 22:42:19

> Comment@2.3.3 start C:\Users\zhang\Desktop\comment
> electron .


--------------------------------------------------------
2020年11月 6日 22:43:21

> Comment@2.3.3 start C:\Users\zhang\Desktop\comment
> electron .


--------------------------------------------------------
2020年11月 6日 22:52:50

> Comment@2.3.3 start C:\Users\zhang\Desktop\comment
> electron .


--------------------------------------------------------
2020年11月 8日 22:02:39

> Comment@2.3.3 start C:\Users\zhang\Desktop\comment
> electron .


--------------------------------------------------------
2020年11月 8日 22:45:17

> Comment@2.3.3 start C:\Users\zhang\Desktop\comment
> electron .


